<?xml version="1.0" encoding="UTF-8"?>
<!-- Generated by org.testng.reporters.JUnitReportReporter -->
<testsuite hostname="ECL-DSK-B02R542" failures="0" tests="3" name="testCases.TC_MakeBillWithOtherPaymentModeForFreshPatient_17" time="47.585" errors="0" timestamp="2022-01-12T18:09:59 IST" skipped="0">
  <testcase classname="testCases.TC_MakeBillWithOtherPaymentModeForFreshPatient_17" name="New_Patient_Registration" time="37.330"/>
  <system-out/>
  <testcase classname="testCases.TC_MakeBillWithOtherPaymentModeForFreshPatient_17" name="MakeBillwithOtherMode" time="6.228"/>
  <system-out/>
  <testcase classname="testCases.TC_MakeBillWithOtherPaymentModeForFreshPatient_17" name="verifyBillReceiptAmount" time="4.027"/>
  <system-out/>
</testsuite> <!-- testCases.TC_MakeBillWithOtherPaymentModeForFreshPatient_17 -->
