<?xml version="1.0" encoding="UTF-8"?>
<!-- Generated by org.testng.reporters.JUnitReportReporter -->
<testsuite hostname="ECL-DSK-B02R542" failures="0" tests="3" name="testCases.TC_MakeBillWithCashReceiptForFreshPatient_015" time="50.087" errors="0" timestamp="2022-01-12T18:09:59 IST" skipped="0">
  <testcase classname="testCases.TC_MakeBillWithCashReceiptForFreshPatient_015" name="New_Patient_Registration" time="40.908"/>
  <system-out/>
  <testcase classname="testCases.TC_MakeBillWithCashReceiptForFreshPatient_015" name="MakeBillwithCash" time="6.128"/>
  <system-out/>
  <testcase classname="testCases.TC_MakeBillWithCashReceiptForFreshPatient_015" name="verifyBillReceiptAmount" time="3.051"/>
  <system-out/>
</testsuite> <!-- testCases.TC_MakeBillWithCashReceiptForFreshPatient_015 -->
