<?xml version="1.0" encoding="UTF-8"?>
<!-- Generated by org.testng.reporters.JUnitReportReporter -->
<testsuite hostname="ECL-DSK-B02R542" failures="0" tests="1" name="testCases.OpdWalkin" time="8.169" errors="0" timestamp="2022-01-12T16:49:19 IST" skipped="0">
  <testcase classname="testCases.OpdWalkin" name="patient_appointment_walkin" time="8.169"/>
  <system-out/>
</testsuite> <!-- testCases.OpdWalkin -->
