<?xml version="1.0" encoding="UTF-8"?>
<!-- Generated by org.testng.reporters.JUnitReportReporter -->
<testsuite hostname="ECL-DSK-B02R542" failures="0" tests="51" name="testCases.PatientSearch_btn" time="48.912" errors="1" timestamp="2022-01-12T18:09:59 IST" skipped="1">
  <testcase classname="testCases.PatientSearch_btn" name="New_Patient_Registration" time="46.201">
    <error message="element click intercepted: Element &lt;mat-icon _ngcontent-pns-c186=&quot;&quot; role=&quot;img&quot; class=&quot;mat-icon notranslate example-tab-icon-clicked pageicon material-icons mat-icon-no-color&quot; aria-hidden=&quot;true&quot; data-mat-icon-type=&quot;font&quot;&gt;...&lt;/mat-icon&gt; is not clickable at point (622, 133). Other element would receive the click: &lt;div _ngcontent-pns-c186=&quot;&quot; class=&quot;padding-bottom-9px&quot;&gt;...&lt;/div&gt;
  (Session info: chrome=97.0.4692.71)
Build info: version: &#039;3.141.59&#039;, revision: &#039;e82be7d358&#039;, time: &#039;2018-11-14T08:17:03&#039;
System info: host: &#039;ECL-DSK-B02R542&#039;, ip: &#039;192.168.1.112&#039;, os.name: &#039;Windows 10&#039;, os.arch: &#039;amd64&#039;, os.version: &#039;10.0&#039;, java.version: &#039;11.0.12&#039;
Driver info: org.openqa.selenium.chrome.ChromeDriver
Capabilities {acceptInsecureCerts: false, browserName: chrome, browserVersion: 97.0.4692.71, chrome: {chromedriverVersion: 97.0.4692.71 (adefa7837d02a..., userDataDir: C:\Users\REMOTE~1\AppData\L...}, goog:chromeOptions: {debuggerAddress: localhost:61387}, javascriptEnabled: true, networkConnectionEnabled: false, pageLoadStrategy: normal, platform: WINDOWS, platformName: WINDOWS, proxy: Proxy(), setWindowRect: true, strictFileInteractability: false, timeouts: {implicit: 0, pageLoad: 300000, script: 30000}, unhandledPromptBehavior: dismiss and notify, webauthn:extension:credBlob: true, webauthn:extension:largeBlob: true, webauthn:virtualAuthenticators: true}
Session ID: 5959496b4ed7f13706eb8bdbe1c934c2" type="org.openqa.selenium.ElementClickInterceptedException">
      <![CDATA[org.openqa.selenium.ElementClickInterceptedException: element click intercepted: Element <mat-icon _ngcontent-pns-c186="" role="img" class="mat-icon notranslate example-tab-icon-clicked pageicon material-icons mat-icon-no-color" aria-hidden="true" data-mat-icon-type="font">...</mat-icon> is not clickable at point (622, 133). Other element would receive the click: <div _ngcontent-pns-c186="" class="padding-bottom-9px">...</div>
  (Session info: chrome=97.0.4692.71)
Build info: version: '3.141.59', revision: 'e82be7d358', time: '2018-11-14T08:17:03'
System info: host: 'ECL-DSK-B02R542', ip: '192.168.1.112', os.name: 'Windows 10', os.arch: 'amd64', os.version: '10.0', java.version: '11.0.12'
Driver info: org.openqa.selenium.chrome.ChromeDriver
Capabilities {acceptInsecureCerts: false, browserName: chrome, browserVersion: 97.0.4692.71, chrome: {chromedriverVersion: 97.0.4692.71 (adefa7837d02a..., userDataDir: C:\Users\REMOTE~1\AppData\L...}, goog:chromeOptions: {debuggerAddress: localhost:61387}, javascriptEnabled: true, networkConnectionEnabled: false, pageLoadStrategy: normal, platform: WINDOWS, platformName: WINDOWS, proxy: Proxy(), setWindowRect: true, strictFileInteractability: false, timeouts: {implicit: 0, pageLoad: 300000, script: 30000}, unhandledPromptBehavior: dismiss and notify, webauthn:extension:credBlob: true, webauthn:extension:largeBlob: true, webauthn:virtualAuthenticators: true}
Session ID: 5959496b4ed7f13706eb8bdbe1c934c2
at java.base/jdk.internal.reflect.NativeConstructorAccessorImpl.newInstance0(Native Method)
at java.base/jdk.internal.reflect.NativeConstructorAccessorImpl.newInstance(NativeConstructorAccessorImpl.java:62)
at java.base/jdk.internal.reflect.DelegatingConstructorAccessorImpl.newInstance(DelegatingConstructorAccessorImpl.java:45)
at java.base/java.lang.reflect.Constructor.newInstance(Constructor.java:490)
at org.openqa.selenium.remote.http.W3CHttpResponseCodec.createException(W3CHttpResponseCodec.java:187)
at org.openqa.selenium.remote.http.W3CHttpResponseCodec.decode(W3CHttpResponseCodec.java:122)
at org.openqa.selenium.remote.http.W3CHttpResponseCodec.decode(W3CHttpResponseCodec.java:49)
at org.openqa.selenium.remote.HttpCommandExecutor.execute(HttpCommandExecutor.java:158)
at org.openqa.selenium.remote.service.DriverCommandExecutor.execute(DriverCommandExecutor.java:83)
at org.openqa.selenium.remote.RemoteWebDriver.execute(RemoteWebDriver.java:552)
at org.openqa.selenium.remote.RemoteWebElement.execute(RemoteWebElement.java:285)
at org.openqa.selenium.remote.RemoteWebElement.click(RemoteWebElement.java:84)
at jdk.internal.reflect.GeneratedMethodAccessor6.invoke(Unknown Source)
at java.base/jdk.internal.reflect.DelegatingMethodAccessorImpl.invoke(DelegatingMethodAccessorImpl.java:43)
at java.base/java.lang.reflect.Method.invoke(Method.java:566)
at org.openqa.selenium.support.pagefactory.internal.LocatingElementHandler.invoke(LocatingElementHandler.java:51)
at com.sun.proxy.$Proxy28.click(Unknown Source)
at pageObjects.PatientRegistrationPage.patientseacrhbtn(PatientRegistrationPage.java:1262)
at testCases.PatientSearch_btn.New_Patient_Registration(PatientSearch_btn.java:273)
at java.base/jdk.internal.reflect.NativeMethodAccessorImpl.invoke0(Native Method)
at java.base/jdk.internal.reflect.NativeMethodAccessorImpl.invoke(NativeMethodAccessorImpl.java:62)
at java.base/jdk.internal.reflect.DelegatingMethodAccessorImpl.invoke(DelegatingMethodAccessorImpl.java:43)
at java.base/java.lang.reflect.Method.invoke(Method.java:566)
at org.testng.internal.MethodInvocationHelper.invokeMethod(MethodInvocationHelper.java:133)
at org.testng.internal.TestInvoker.invokeMethod(TestInvoker.java:598)
at org.testng.internal.TestInvoker.invokeTestMethod(TestInvoker.java:173)
at org.testng.internal.MethodRunner.runInSequence(MethodRunner.java:46)
at org.testng.internal.TestInvoker$MethodInvocationAgent.invoke(TestInvoker.java:824)
at org.testng.internal.TestInvoker.invokeTestMethods(TestInvoker.java:146)
at org.testng.internal.TestMethodWorker.invokeTestMethods(TestMethodWorker.java:146)
at org.testng.internal.TestMethodWorker.run(TestMethodWorker.java:128)
at java.base/java.util.ArrayList.forEach(ArrayList.java:1541)
at org.testng.TestRunner.privateRun(TestRunner.java:794)
at org.testng.TestRunner.run(TestRunner.java:596)
at org.testng.SuiteRunner.runTest(SuiteRunner.java:377)
at org.testng.SuiteRunner.access$000(SuiteRunner.java:28)
at org.testng.SuiteRunner$SuiteWorker.run(SuiteRunner.java:418)
at org.testng.internal.thread.ThreadUtil.lambda$execute$0(ThreadUtil.java:64)
at java.base/java.util.concurrent.FutureTask.run(FutureTask.java:264)
at java.base/java.util.concurrent.ThreadPoolExecutor.runWorker(ThreadPoolExecutor.java:1128)
at java.base/java.util.concurrent.ThreadPoolExecutor$Worker.run(ThreadPoolExecutor.java:628)
at java.base/java.lang.Thread.run(Thread.java:834)
]]>
    </error>
  </testcase> <!-- New_Patient_Registration -->
  <system-out/>
  <testcase classname="testCases.PatientSearch_btn" name="initialmatches" time="0.080"/>
  <system-out/>
  <testcase classname="testCases.PatientSearch_btn" name="fistnamematches" time="0.084"/>
  <system-out/>
  <testcase classname="testCases.PatientSearch_btn" name="lastnamematches" time="0.078"/>
  <system-out/>
  <testcase classname="testCases.PatientSearch_btn" name="uhidmatches" time="0.034"/>
  <system-out/>
  <testcase classname="testCases.PatientSearch_btn" name="cotypematches" time="0.049"/>
  <system-out/>
  <testcase classname="testCases.PatientSearch_btn" name="conamematches" time="0.052"/>
  <system-out/>
  <testcase classname="testCases.PatientSearch_btn" name="phonematches" time="0.034"/>
  <system-out/>
  <testcase classname="testCases.PatientSearch_btn" name="mobilenomatches" time="0.035"/>
  <system-out/>
  <testcase classname="testCases.PatientSearch_btn" name="emergencymatches" time="0.073"/>
  <system-out/>
  <testcase classname="testCases.PatientSearch_btn" name="person_name_matches" time="0.049"/>
  <system-out/>
  <testcase classname="testCases.PatientSearch_btn" name="emailmatches" time="0.074"/>
  <system-out/>
  <testcase classname="testCases.PatientSearch_btn" name="yearmatches" time="0.062"/>
  <system-out/>
  <testcase classname="testCases.PatientSearch_btn" name="monthmatches" time="0.051"/>
  <system-out/>
  <testcase classname="testCases.PatientSearch_btn" name="daymatches" time="0.083"/>
  <system-out/>
  <testcase classname="testCases.PatientSearch_btn" name="permanentadressmatches" time="0.113"/>
  <system-out/>
  <testcase classname="testCases.PatientSearch_btn" name="permanentpinmatches" time="0.051"/>
  <system-out/>
  <testcase classname="testCases.PatientSearch_btn" name="permanentcountrymatches" time="0.059"/>
  <system-out/>
  <testcase classname="testCases.PatientSearch_btn" name="permanentstatematches" time="0.041"/>
  <system-out/>
  <testcase classname="testCases.PatientSearch_btn" name="permanentcitymatches" time="0.035"/>
  <system-out/>
  <testcase classname="testCases.PatientSearch_btn" name="permanentareamatches" time="0.027"/>
  <system-out/>
  <testcase classname="testCases.PatientSearch_btn" name="localaddressmatches" time="0.031"/>
  <system-out/>
  <testcase classname="testCases.PatientSearch_btn" name="localpinmatches" time="0.031"/>
  <system-out/>
  <testcase classname="testCases.PatientSearch_btn" name="localcountrymatches" time="0.033"/>
  <system-out/>
  <testcase classname="testCases.PatientSearch_btn" name="localstatematches" time="0.034"/>
  <system-out/>
  <testcase classname="testCases.PatientSearch_btn" name="localdistrictmatches" time="0.027"/>
  <system-out/>
  <testcase classname="testCases.PatientSearch_btn" name="localcitymatches" time="0.027"/>
  <system-out/>
  <testcase classname="testCases.PatientSearch_btn" name="localareamatches" time="0.032"/>
  <system-out/>
  <testcase classname="testCases.PatientSearch_btn" name="clicktotherinformaiontab" time="0.155"/>
  <system-out/>
  <testcase classname="testCases.PatientSearch_btn" name="groupmatches" time="0.076"/>
  <system-out/>
  <testcase classname="testCases.PatientSearch_btn" name="marritalstatusmatches" time="0.135"/>
  <system-out/>
  <testcase classname="testCases.PatientSearch_btn" name="partynamematches" time="0.109"/>
  <system-out/>
  <testcase classname="testCases.PatientSearch_btn" name="mothernamematches" time="0.064"/>
  <system-out/>
  <testcase classname="testCases.PatientSearch_btn" name="nationalitymatches" time="0.058"/>
  <system-out/>
  <testcase classname="testCases.PatientSearch_btn" name="sapmatches" time="0.128"/>
  <system-out/>
  <testcase classname="testCases.PatientSearch_btn" name="faxnumbermatches" time="0.048"/>
  <system-out/>
  <testcase classname="testCases.PatientSearch_btn" name="bloodgroupmatches" time="0.049"/>
  <system-out/>
  <testcase classname="testCases.PatientSearch_btn" name="languagematches" time="0.041"/>
  <system-out/>
  <testcase classname="testCases.PatientSearch_btn" name="religionmatches" time="0.039"/>
  <system-out/>
  <testcase classname="testCases.PatientSearch_btn" name="occupationmatches" time="0.037"/>
  <system-out/>
  <testcase classname="testCases.PatientSearch_btn" name="sourcematches" time="0.030"/>
  <system-out/>
  <testcase classname="testCases.PatientSearch_btn" name="adharmatches" time="0.040"/>
  <system-out/>
  <testcase classname="testCases.PatientSearch_btn" name="passportmatches" time="0.045"/>
  <system-out/>
  <testcase classname="testCases.PatientSearch_btn" name="isbplmatches" time="0.024"/>
  <system-out/>
  <testcase classname="testCases.PatientSearch_btn" name="istriblematches" time="0.016"/>
  <system-out/>
  <testcase classname="testCases.PatientSearch_btn" name="isdisablematches" time="0.013"/>
  <system-out/>
  <testcase classname="testCases.PatientSearch_btn" name="disablepercentmatches" time="0.088"/>
  <system-out/>
  <testcase classname="testCases.PatientSearch_btn" name="isvipmatches" time="0.018"/>
  <system-out/>
  <testcase classname="testCases.PatientSearch_btn" name="Viptypematches" time="0.095"/>
  <system-out/>
  <testcase classname="testCases.PatientSearch_btn" name="remarksmatches" time="0.024"/>
  <system-out/>
  <testcase classname="testCases.PatientSearch_btn" name="permanentdistrictmatches">
    <skipped/>
  </testcase> <!-- permanentdistrictmatches -->
  <system-out/>
</testsuite> <!-- testCases.PatientSearch_btn -->
