<?xml version="1.0" encoding="UTF-8"?>
<!-- Generated by org.testng.reporters.JUnitReportReporter -->
<testsuite hostname="ECL-DSK-B02R542" failures="0" tests="4" name="testCases.TC_Advance_Receipt_Modifications_13" time="51.425" errors="0" timestamp="2022-01-12T18:09:59 IST" skipped="0">
  <testcase classname="testCases.TC_Advance_Receipt_Modifications_13" name="New_Patient_Registration" time="41.949"/>
  <system-out/>
  <testcase classname="testCases.TC_Advance_Receipt_Modifications_13" name="advancereceipt" time="3.850"/>
  <system-out/>
  <testcase classname="testCases.TC_Advance_Receipt_Modifications_13" name="verifyadvancereceipt" time="0.634"/>
  <system-out/>
  <testcase classname="testCases.TC_Advance_Receipt_Modifications_13" name="modifyAdvanceReceipt" time="4.992"/>
  <system-out/>
</testsuite> <!-- testCases.TC_Advance_Receipt_Modifications_13 -->
