<?xml version="1.0" encoding="UTF-8"?>
<!-- Generated by org.testng.reporters.JUnitReportReporter -->
<testsuite hostname="ECL-DSK-B02R542" failures="1" tests="52" name="testCases.VerificationtillDasboard" time="57.898" errors="0" timestamp="2022-01-12T18:09:59 IST" skipped="1">
  <testcase classname="testCases.VerificationtillDasboard" name="New_Patient_Registration" time="48.171"/>
  <system-out/>
  <testcase classname="testCases.VerificationtillDasboard" name="initialmatches" time="0.265"/>
  <system-out/>
  <testcase classname="testCases.VerificationtillDasboard" name="fistnamematches" time="0.150"/>
  <system-out/>
  <testcase classname="testCases.VerificationtillDasboard" name="lastnamematches" time="0.095"/>
  <system-out/>
  <testcase classname="testCases.VerificationtillDasboard" name="uhidmatches" time="0.130"/>
  <system-out/>
  <testcase classname="testCases.VerificationtillDasboard" name="cotypematches" time="0.110"/>
  <system-out/>
  <testcase classname="testCases.VerificationtillDasboard" name="conamematches" time="0.061"/>
  <system-out/>
  <testcase classname="testCases.VerificationtillDasboard" name="phonematches" time="0.062"/>
  <system-out/>
  <testcase classname="testCases.VerificationtillDasboard" name="mobilenomatches" time="0.044"/>
  <system-out/>
  <testcase classname="testCases.VerificationtillDasboard" name="emergencymatches" time="0.032"/>
  <system-out/>
  <testcase classname="testCases.VerificationtillDasboard" name="person_name_matches" time="0.052"/>
  <system-out/>
  <testcase classname="testCases.VerificationtillDasboard" name="emailmatches" time="0.030"/>
  <system-out/>
  <testcase classname="testCases.VerificationtillDasboard" name="yearmatches" time="0.048"/>
  <system-out/>
  <testcase classname="testCases.VerificationtillDasboard" name="monthmatches" time="0.028"/>
  <system-out/>
  <testcase classname="testCases.VerificationtillDasboard" name="daymatches" time="0.029"/>
  <system-out/>
  <testcase classname="testCases.VerificationtillDasboard" name="permanentadressmatches" time="0.039"/>
  <system-out/>
  <testcase classname="testCases.VerificationtillDasboard" name="permanentpinmatches" time="0.048"/>
  <system-out/>
  <testcase classname="testCases.VerificationtillDasboard" name="permanentcountrymatches" time="0.036"/>
  <system-out/>
  <testcase classname="testCases.VerificationtillDasboard" name="permanentstatematches" time="0.031"/>
  <system-out/>
  <testcase classname="testCases.VerificationtillDasboard" name="permanentcitymatches" time="0.050"/>
  <system-out/>
  <testcase classname="testCases.VerificationtillDasboard" name="permanentareamatches" time="0.026"/>
  <system-out/>
  <testcase classname="testCases.VerificationtillDasboard" name="localaddressmatches" time="0.043"/>
  <system-out/>
  <testcase classname="testCases.VerificationtillDasboard" name="localpinmatches" time="0.045"/>
  <system-out/>
  <testcase classname="testCases.VerificationtillDasboard" name="localcountrymatches" time="0.033"/>
  <system-out/>
  <testcase classname="testCases.VerificationtillDasboard" name="localstatematches" time="0.030"/>
  <system-out/>
  <testcase classname="testCases.VerificationtillDasboard" name="localdistrictmatches" time="0.032"/>
  <system-out/>
  <testcase classname="testCases.VerificationtillDasboard" name="localcitymatches" time="0.030"/>
  <system-out/>
  <testcase classname="testCases.VerificationtillDasboard" name="localareamatches" time="0.043"/>
  <system-out/>
  <testcase classname="testCases.VerificationtillDasboard" name="clicktotherinformaiontab" time="0.123"/>
  <system-out/>
  <testcase classname="testCases.VerificationtillDasboard" name="groupmatches" time="0.046">
    <failure message="The following asserts failed:
	Group is not matched expected [Eye Exam] but found []" type="java.lang.AssertionError">
      <![CDATA[java.lang.AssertionError: The following asserts failed:
Group is not matched expected [Eye Exam] but found []
at org.testng.asserts.SoftAssert.assertAll(SoftAssert.java:47)
at org.testng.asserts.SoftAssert.assertAll(SoftAssert.java:31)
at testCases.VerificationtillDasboard.groupmatches(VerificationtillDasboard.java:554)
at java.base/jdk.internal.reflect.NativeMethodAccessorImpl.invoke0(Native Method)
at java.base/jdk.internal.reflect.NativeMethodAccessorImpl.invoke(NativeMethodAccessorImpl.java:62)
at java.base/jdk.internal.reflect.DelegatingMethodAccessorImpl.invoke(DelegatingMethodAccessorImpl.java:43)
at java.base/java.lang.reflect.Method.invoke(Method.java:566)
at org.testng.internal.MethodInvocationHelper.invokeMethod(MethodInvocationHelper.java:133)
at org.testng.internal.TestInvoker.invokeMethod(TestInvoker.java:598)
at org.testng.internal.TestInvoker.invokeTestMethod(TestInvoker.java:173)
at org.testng.internal.MethodRunner.runInSequence(MethodRunner.java:46)
at org.testng.internal.TestInvoker$MethodInvocationAgent.invoke(TestInvoker.java:824)
at org.testng.internal.TestInvoker.invokeTestMethods(TestInvoker.java:146)
at org.testng.internal.TestMethodWorker.invokeTestMethods(TestMethodWorker.java:146)
at org.testng.internal.TestMethodWorker.run(TestMethodWorker.java:128)
at java.base/java.util.ArrayList.forEach(ArrayList.java:1541)
at org.testng.TestRunner.privateRun(TestRunner.java:794)
at org.testng.TestRunner.run(TestRunner.java:596)
at org.testng.SuiteRunner.runTest(SuiteRunner.java:377)
at org.testng.SuiteRunner.access$000(SuiteRunner.java:28)
at org.testng.SuiteRunner$SuiteWorker.run(SuiteRunner.java:418)
at org.testng.internal.thread.ThreadUtil.lambda$execute$0(ThreadUtil.java:64)
at java.base/java.util.concurrent.FutureTask.run(FutureTask.java:264)
at java.base/java.util.concurrent.ThreadPoolExecutor.runWorker(ThreadPoolExecutor.java:1128)
at java.base/java.util.concurrent.ThreadPoolExecutor$Worker.run(ThreadPoolExecutor.java:628)
at java.base/java.lang.Thread.run(Thread.java:834)
]]>
    </failure>
  </testcase> <!-- groupmatches -->
  <system-out/>
  <testcase classname="testCases.VerificationtillDasboard" name="marritalstatusmatches" time="0.066"/>
  <system-out/>
  <testcase classname="testCases.VerificationtillDasboard" name="partynamematches" time="0.125"/>
  <system-out/>
  <testcase classname="testCases.VerificationtillDasboard" name="mothernamematches" time="0.059"/>
  <system-out/>
  <testcase classname="testCases.VerificationtillDasboard" name="nationalitymatches" time="0.030"/>
  <system-out/>
  <testcase classname="testCases.VerificationtillDasboard" name="sapmatches" time="0.040"/>
  <system-out/>
  <testcase classname="testCases.VerificationtillDasboard" name="faxnumbermatches" time="0.033"/>
  <system-out/>
  <testcase classname="testCases.VerificationtillDasboard" name="bloodgroupmatches" time="0.052"/>
  <system-out/>
  <testcase classname="testCases.VerificationtillDasboard" name="languagematches" time="0.062"/>
  <system-out/>
  <testcase classname="testCases.VerificationtillDasboard" name="religionmatches" time="0.047"/>
  <system-out/>
  <testcase classname="testCases.VerificationtillDasboard" name="occupationmatches" time="0.037"/>
  <system-out/>
  <testcase classname="testCases.VerificationtillDasboard" name="sourcematches" time="0.021"/>
  <system-out/>
  <testcase classname="testCases.VerificationtillDasboard" name="adharmatches" time="0.037"/>
  <system-out/>
  <testcase classname="testCases.VerificationtillDasboard" name="passportmatches" time="0.074"/>
  <system-out/>
  <testcase classname="testCases.VerificationtillDasboard" name="isbplmatches" time="0.040"/>
  <system-out/>
  <testcase classname="testCases.VerificationtillDasboard" name="istriblematches" time="0.035"/>
  <system-out/>
  <testcase classname="testCases.VerificationtillDasboard" name="isdisablematches" time="0.028"/>
  <system-out/>
  <testcase classname="testCases.VerificationtillDasboard" name="disablepercentmatches" time="0.207"/>
  <system-out/>
  <testcase classname="testCases.VerificationtillDasboard" name="isvipmatches" time="0.061"/>
  <system-out/>
  <testcase classname="testCases.VerificationtillDasboard" name="Viptypematches" time="0.233"/>
  <system-out/>
  <testcase classname="testCases.VerificationtillDasboard" name="remarksmatches" time="0.034"/>
  <system-out/>
  <testcase classname="testCases.VerificationtillDasboard" name="patient_appointment_walkin" time="6.615"/>
  <system-out/>
  <testcase classname="testCases.VerificationtillDasboard" name="permanentdistrictmatches">
    <skipped/>
  </testcase> <!-- permanentdistrictmatches -->
  <system-out/>
</testsuite> <!-- testCases.VerificationtillDasboard -->
