<?xml version="1.0" encoding="UTF-8"?>
<!-- Generated by org.testng.reporters.JUnitReportReporter -->
<testsuite hostname="ECL-DSK-B02R542" failures="0" tests="3" name="testCases.TC_Advance_Receipt_011" time="57.100" errors="0" timestamp="2022-01-12T18:09:59 IST" skipped="0">
  <testcase classname="testCases.TC_Advance_Receipt_011" name="New_Patient_Registration" time="43.070"/>
  <system-out/>
  <testcase classname="testCases.TC_Advance_Receipt_011" name="advancereceipt" time="12.978"/>
  <system-out/>
  <testcase classname="testCases.TC_Advance_Receipt_011" name="verifyadvancereceipt" time="1.052"/>
  <system-out/>
</testsuite> <!-- testCases.TC_Advance_Receipt_011 -->
