<?xml version="1.0" encoding="UTF-8"?>
<!-- Generated by org.testng.reporters.JUnitReportReporter -->
<testsuite hostname="ECL-DSK-B02R542" failures="0" tests="1" name="testCases.PatientRegistration" time="60.380" errors="0" timestamp="2022-01-12T18:09:59 IST" skipped="0">
  <testcase classname="testCases.PatientRegistration" name="New_Patient_Registration" time="60.380"/>
  <system-out/>
</testsuite> <!-- testCases.PatientRegistration -->
