<?xml version="1.0" encoding="UTF-8"?>
<!-- Generated by org.testng.reporters.JUnitReportReporter -->
<testsuite hostname="ECL-DSK-B02R542" failures="0" tests="2" name="testCases.HomePage" time="10.433" errors="0" timestamp="2022-01-10T13:19:47 IST" skipped="0">
  <testcase classname="testCases.HomePage" name="basePageNavigation" time="6.891"/>
  <system-out/>
  <testcase classname="testCases.HomePage" name="basePageNavigation" time="3.542"/>
  <system-out/>
</testsuite> <!-- testCases.HomePage -->
