<?xml version="1.0" encoding="UTF-8"?>
<!-- Generated by org.testng.reporters.JUnitReportReporter -->
<testsuite hostname="ECL-DSK-B02R542" failures="0" tests="2" name="testCases.HomePage" time="9.339" errors="0" timestamp="2022-01-10T12:20:55 IST" skipped="0">
  <testcase classname="testCases.HomePage" name="basePageNavigation" time="3.402"/>
  <system-out/>
  <testcase classname="testCases.HomePage" name="basePageNavigation" time="5.937"/>
  <system-out/>
</testsuite> <!-- testCases.HomePage -->
