<?xml version="1.0" encoding="UTF-8"?>
<!-- Generated by org.testng.reporters.JUnitReportReporter -->
<testsuite hostname="ECL-DSK-B02R542" failures="0" tests="1" name="testCases.validateNavigationBar" time="0.069" errors="0" timestamp="2022-01-10T13:19:47 IST" skipped="0">
  <testcase classname="testCases.validateNavigationBar" name="validateAppNavBar" time="0.069"/>
  <system-out/>
</testsuite> <!-- testCases.validateNavigationBar -->
